<?xml version="1.0" encoding="UTF-8"?>
<!-- Generated by org.testng.reporters.JUnitReportReporter -->
<testsuite hostname="BRICKRED89" failures="0" tests="1" name="CucumberTests.TestRunner" time="11.289" errors="0" timestamp="2022-04-12T16:11:22 IST" skipped="0">
  <testcase classname="CucumberTests.TestRunner" name="runScenario" time="11.289"/>
  <system-out/>
</testsuite> <!-- CucumberTests.TestRunner -->
